This is pdfTeX, Version 3.141592653-2.6-1.40.23 (MiKTeX 21.8) (preloaded format=pdflatex 2021.8.23)  1 DEC 2021 16:10
entering extended mode
**./Assignment5_sullivanFrazier.tex
(Assignment5_sullivanFrazier.tex
LaTeX2e <2021-06-01> patch level 1
L3 programming layer <2021-07-12>
(C:\Users\Sully\AppData\Local\Programs\MiKTeX\tex/latex/base\article.cls
Document Class: article 2021/02/12 v1.4n Standard LaTeX document class
(C:\Users\Sully\AppData\Local\Programs\MiKTeX\tex/latex/base\size11.clo
File: size11.clo 2021/02/12 v1.4n Standard LaTeX file (size option)
)
\c@part=\count182
\c@section=\count183
\c@subsection=\count184
\c@subsubsection=\count185
\c@paragraph=\count186
\c@subparagraph=\count187
\c@figure=\count188
\c@table=\count189
\abovecaptionskip=\skip47
\belowcaptionskip=\skip48
\bibindent=\dimen138
)
(C:\Users\Sully\AppData\Local\Programs\MiKTeX\tex/latex/algorithms\algorithm.st
y
Package: algorithm 2009/08/24 v0.1 Document Style `algorithm' - floating enviro
nment
 (C:\Users\Sully\AppData\Local\Programs\MiKTeX\tex/latex/float\float.sty
Package: float 2001/11/08 v1.3d Float enhancements (AL)
\c@float@type=\count190
\float@exts=\toks16
\float@box=\box50
\@float@everytoks=\toks17
\@floatcapt=\box51
)
(C:\Users\Sully\AppData\Local\Programs\MiKTeX\tex/latex/base\ifthen.sty
Package: ifthen 2020/11/24 v1.1c Standard LaTeX ifthen package (DPC)
)
\@float@every@algorithm=\toks18
\c@algorithm=\count191
)
(C:\Users\Sully\AppData\Local\Programs\MiKTeX\tex/latex/algorithmicx\algpseudoc
ode.sty
Package: algpseudocode 

(C:\Users\Sully\AppData\Local\Programs\MiKTeX\tex/latex/algorithmicx\algorithmi
cx.sty
Package: algorithmicx 2005/04/27 v1.2 Algorithmicx

Document Style algorithmicx 1.2 - a greatly improved `algorithmic' style
\c@ALG@line=\count192
\c@ALG@rem=\count193
\c@ALG@nested=\count194
\ALG@tlm=\skip49
\ALG@thistlm=\skip50
\c@ALG@Lnr=\count195
\c@ALG@blocknr=\count196
\c@ALG@storecount=\count197
\c@ALG@tmpcounter=\count198
\ALG@tmplength=\skip51
)
Document Style - pseudocode environments for use with the `algorithmicx' style
) (C:\Users\Sully\AppData\Local\Programs\MiKTeX\tex/latex/base\inputenc.sty
Package: inputenc 2021/02/14 v1.3d Input encoding file
\inpenc@prehook=\toks19
\inpenc@posthook=\toks20
)
(C:\Users\Sully\AppData\Local\Programs\MiKTeX\tex/latex/geometry\geometry.sty
Package: geometry 2020/01/02 v5.9 Page Geometry

(C:\Users\Sully\AppData\Local\Programs\MiKTeX\tex/latex/graphics\keyval.sty
Package: keyval 2014/10/28 v1.15 key=value parser (DPC)
\KV@toks@=\toks21
)
(C:\Users\Sully\AppData\Local\Programs\MiKTeX\tex/generic/iftex\ifvtex.sty
Package: ifvtex 2019/10/25 v1.7 ifvtex legacy package. Use iftex instead.

(C:\Users\Sully\AppData\Local\Programs\MiKTeX\tex/generic/iftex\iftex.sty
Package: iftex 2020/03/06 v1.0d TeX engine tests
))
\Gm@cnth=\count199
\Gm@cntv=\count266
\c@Gm@tempcnt=\count267
\Gm@bindingoffset=\dimen139
\Gm@wd@mp=\dimen140
\Gm@odd@mp=\dimen141
\Gm@even@mp=\dimen142
\Gm@layoutwidth=\dimen143
\Gm@layoutheight=\dimen144
\Gm@layouthoffset=\dimen145
\Gm@layoutvoffset=\dimen146
\Gm@dimlist=\toks22

(C:\Users\Sully\AppData\Local\Programs\MiKTeX\tex/latex/geometry\geometry.cfg))
(C:\Users\Sully\AppData\Local\Programs\MiKTeX\tex/latex/graphics\graphicx.sty
Package: graphicx 2020/12/05 v1.2c Enhanced LaTeX Graphics (DPC,SPQR)

(C:\Users\Sully\AppData\Local\Programs\MiKTeX\tex/latex/graphics\graphics.sty
Package: graphics 2021/03/04 v1.4d Standard LaTeX Graphics (DPC,SPQR)

(C:\Users\Sully\AppData\Local\Programs\MiKTeX\tex/latex/graphics\trig.sty
Package: trig 2016/01/03 v1.10 sin cos tan (DPC)
)
(C:\Users\Sully\AppData\Local\Programs\MiKTeX\tex/latex/graphics-cfg\graphics.c
fg
File: graphics.cfg 2016/06/04 v1.11 sample graphics configuration
)
Package graphics Info: Driver file: pdftex.def on input line 107.

(C:\Users\Sully\AppData\Local\Programs\MiKTeX\tex/latex/graphics-def\pdftex.def
File: pdftex.def 2020/10/05 v1.2a Graphics/color driver for pdftex
))
\Gin@req@height=\dimen147
\Gin@req@width=\dimen148
)
(C:\Users\Sully\AppData\Local\Programs\MiKTeX\tex/latex/booktabs\booktabs.sty
Package: booktabs 2020/01/12 v1.61803398 Publication quality tables
\heavyrulewidth=\dimen149
\lightrulewidth=\dimen150
\cmidrulewidth=\dimen151
\belowrulesep=\dimen152
\belowbottomsep=\dimen153
\aboverulesep=\dimen154
\abovetopsep=\dimen155
\cmidrulesep=\dimen156
\cmidrulekern=\dimen157
\defaultaddspace=\dimen158
\@cmidla=\count268
\@cmidlb=\count269
\@aboverulesep=\dimen159
\@belowrulesep=\dimen160
\@thisruleclass=\count270
\@lastruleclass=\count271
\@thisrulewidth=\dimen161
)
(C:\Users\Sully\AppData\Local\Programs\MiKTeX\tex/latex/tools\array.sty
Package: array 2021/04/20 v2.5e Tabular extension package (FMi)
\col@sep=\dimen162
\ar@mcellbox=\box52
\extrarowheight=\dimen163
\NC@list=\toks23
\extratabsurround=\skip52
\backup@length=\skip53
\ar@cellbox=\box53
)
(C:\Users\Sully\AppData\Local\Programs\MiKTeX\tex/latex/paralist\paralist.sty
Package: paralist 2017/01/22 v2.7 Extended list environments
\pltopsep=\skip54
\plpartopsep=\skip55
\plitemsep=\skip56
\plparsep=\skip57
\pl@lab=\toks24
)
(C:\Users\Sully\AppData\Local\Programs\MiKTeX\tex/latex/tools\verbatim.sty
Package: verbatim 2020-07-07 v1.5u LaTeX2e package for verbatim enhancements
\every@verbatim=\toks25
\verbatim@line=\toks26
\verbatim@in@stream=\read2
)
(C:\Users\Sully\AppData\Local\Programs\MiKTeX\tex/latex/subfig\subfig.sty
Package: subfig 2005/06/28 ver: 1.3 subfig package

(C:\Users\Sully\AppData\Local\Programs\MiKTeX\tex/latex/caption\caption.sty
Package: caption 2020/10/26 v3.5g Customizing captions (AR)

(C:\Users\Sully\AppData\Local\Programs\MiKTeX\tex/latex/caption\caption3.sty
Package: caption3 2020/10/21 v2.2e caption3 kernel (AR)
\captionmargin=\dimen164
\captionmargin@=\dimen165
\captionwidth=\dimen166
\caption@tempdima=\dimen167
\caption@indent=\dimen168
\caption@parindent=\dimen169
\caption@hangindent=\dimen170
Package caption Info: Standard document class detected.
)
\c@caption@flags=\count272
\c@continuedfloat=\count273
Package caption Info: float package is loaded.
)
\c@KVtest=\count274
\sf@farskip=\skip58
\sf@captopadj=\dimen171
\sf@capskip=\skip59
\sf@nearskip=\skip60
\c@subfigure=\count275
\c@subfigure@save=\count276
\c@lofdepth=\count277
\c@subtable=\count278
\c@subtable@save=\count279
\c@lotdepth=\count280
\sf@top=\skip61
\sf@bottom=\skip62
) (C:\Users\Sully\AppData\Local\Programs\MiKTeX\tex/latex/fancyhdr\fancyhdr.sty
Package: fancyhdr 2021/01/28 v4.0.1 Extensive control of page headers and foote
rs
\f@nch@headwidth=\skip63
\f@nch@O@elh=\skip64
\f@nch@O@erh=\skip65
\f@nch@O@olh=\skip66
\f@nch@O@orh=\skip67
\f@nch@O@elf=\skip68
\f@nch@O@erf=\skip69
\f@nch@O@olf=\skip70
\f@nch@O@orf=\skip71
) (C:\Users\Sully\AppData\Local\Programs\MiKTeX\tex/latex/sectsty\sectsty.sty
Package: sectsty 2002/02/25 v2.0.2 Commands to change all sectional heading sty
les


LaTeX Warning: Command \underbar  has changed.
               Check if current package is valid.


LaTeX Warning: Command \underline  has changed.
               Check if current package is valid.

)
(C:\Users\Sully\AppData\Local\Programs\MiKTeX\tex/latex/tocbibind\tocbibind.sty
Package: tocbibind 2010/10/13 v1.5k extra ToC listings
Package tocbibind Info: The document has section divisions on input line 50.

Package tocbibind Note: Using section or other style headings.

) (C:\Users\Sully\AppData\Local\Programs\MiKTeX\tex/latex/tocloft\tocloft.sty
Package: tocloft 2017/08/31 v2.3i parameterised ToC, etc., typesetting
Package tocloft Info: The document has section divisions on input line 51.
\cftparskip=\skip72
\cftbeforetoctitleskip=\skip73
\cftaftertoctitleskip=\skip74
\cftbeforepartskip=\skip75
\cftpartnumwidth=\skip76
\cftpartindent=\skip77
\cftbeforesecskip=\skip78
\cftsecindent=\skip79
\cftsecnumwidth=\skip80
\cftbeforesubsecskip=\skip81
\cftsubsecindent=\skip82
\cftsubsecnumwidth=\skip83
\cftbeforesubsubsecskip=\skip84
\cftsubsubsecindent=\skip85
\cftsubsubsecnumwidth=\skip86
\cftbeforeparaskip=\skip87
\cftparaindent=\skip88
\cftparanumwidth=\skip89
\cftbeforesubparaskip=\skip90
\cftsubparaindent=\skip91
\cftsubparanumwidth=\skip92
\cftbeforeloftitleskip=\skip93
\cftafterloftitleskip=\skip94
\cftbeforefigskip=\skip95
\cftfigindent=\skip96
\cftfignumwidth=\skip97
\cftbeforelottitleskip=\skip98
\cftafterlottitleskip=\skip99
\cftbeforetabskip=\skip100
\cfttabindent=\skip101
\cfttabnumwidth=\skip102
\cftbeforesubfigskip=\skip103
\cftsubfigindent=\skip104
\cftsubfignumwidth=\skip105
\cftbeforesubtabskip=\skip106
\cftsubtabindent=\skip107
\cftsubtabnumwidth=\skip108
)
(C:\Users\Sully\AppData\Local\Programs\MiKTeX\tex/latex/l3backend\l3backend-pdf
tex.def
File: l3backend-pdftex.def 2021-08-04 L3 backend support: PDF output (pdfTeX)
\l__color_backend_stack_int=\count281
\l__pdf_internal_box=\box54
) (Assignment5_sullivanFrazier.aux)
\openout1 = `Assignment5_sullivanFrazier.aux'.

LaTeX Font Info:    Checking defaults for OML/cmm/m/it on input line 73.
LaTeX Font Info:    ... okay on input line 73.
LaTeX Font Info:    Checking defaults for OMS/cmsy/m/n on input line 73.
LaTeX Font Info:    ... okay on input line 73.
LaTeX Font Info:    Checking defaults for OT1/cmr/m/n on input line 73.
LaTeX Font Info:    ... okay on input line 73.
LaTeX Font Info:    Checking defaults for T1/cmr/m/n on input line 73.
LaTeX Font Info:    ... okay on input line 73.
LaTeX Font Info:    Checking defaults for TS1/cmr/m/n on input line 73.
LaTeX Font Info:    ... okay on input line 73.
LaTeX Font Info:    Checking defaults for OMX/cmex/m/n on input line 73.
LaTeX Font Info:    ... okay on input line 73.
LaTeX Font Info:    Checking defaults for U/cmr/m/n on input line 73.
LaTeX Font Info:    ... okay on input line 73.

*geometry* driver: auto-detecting
*geometry* detected driver: pdftex
*geometry* verbose mode - [ preamble ] result:
* driver: pdftex
* paper: a4paper
* layout: <same size as paper>
* layoutoffset:(h,v)=(0.0pt,0.0pt)
* modes: 
* h-part:(L,W,R)=(89.62709pt, 418.25368pt, 89.6271pt)
* v-part:(T,H,B)=(101.40665pt, 591.5302pt, 152.11pt)
* \paperwidth=597.50787pt
* \paperheight=845.04684pt
* \textwidth=418.25368pt
* \textheight=591.5302pt
* \oddsidemargin=17.3571pt
* \evensidemargin=17.3571pt
* \topmargin=-7.86334pt
* \headheight=12.0pt
* \headsep=25.0pt
* \topskip=11.0pt
* \footskip=30.0pt
* \marginparwidth=59.0pt
* \marginparsep=10.0pt
* \columnsep=10.0pt
* \skip\footins=10.0pt plus 4.0pt minus 2.0pt
* \hoffset=0.0pt
* \voffset=0.0pt
* \mag=1000
* \@twocolumnfalse
* \@twosidefalse
* \@mparswitchfalse
* \@reversemarginfalse
* (1in=72.27pt=25.4mm, 1cm=28.453pt)


(C:\Users\Sully\AppData\Local\Programs\MiKTeX\tex/context/base/mkii\supp-pdf.mk
ii
[Loading MPS to PDF converter (version 2006.09.02).]
\scratchcounter=\count282
\scratchdimen=\dimen172
\scratchbox=\box55
\nofMPsegments=\count283
\nofMParguments=\count284
\everyMPshowfont=\toks27
\MPscratchCnt=\count285
\MPscratchDim=\dimen173
\MPnumerator=\count286
\makeMPintoPDFobject=\count287
\everyMPtoPDFconversion=\toks28
)
(C:\Users\Sully\AppData\Local\Programs\MiKTeX\tex/latex/epstopdf-pkg\epstopdf-b
ase.sty
Package: epstopdf-base 2020-01-24 v2.11 Base part for package epstopdf

(C:\Users\Sully\AppData\Local\Programs\MiKTeX\tex/generic/infwarerr\infwarerr.s
ty
Package: infwarerr 2019/12/03 v1.5 Providing info/warning/error messages (HO)
) (C:\Users\Sully\AppData\Local\Programs\MiKTeX\tex/latex/grfext\grfext.sty
Package: grfext 2019/12/03 v1.3 Manage graphics extensions (HO)

(C:\Users\Sully\AppData\Local\Programs\MiKTeX\tex/generic/kvdefinekeys\kvdefine
keys.sty
Package: kvdefinekeys 2019-12-19 v1.6 Define keys (HO)
))
(C:\Users\Sully\AppData\Local\Programs\MiKTeX\tex/latex/kvoptions\kvoptions.sty
Package: kvoptions 2020-10-07 v3.14 Key value format for package options (HO)
(C:\Users\Sully\AppData\Local\Programs\MiKTeX\tex/generic/ltxcmds\ltxcmds.sty
Package: ltxcmds 2020-05-10 v1.25 LaTeX kernel commands for general use (HO)
)
(C:\Users\Sully\AppData\Local\Programs\MiKTeX\tex/generic/kvsetkeys\kvsetkeys.s
ty
Package: kvsetkeys 2019/12/15 v1.18 Key value parser (HO)
))
(C:\Users\Sully\AppData\Local\Programs\MiKTeX\tex/generic/pdftexcmds\pdftexcmds
.sty
Package: pdftexcmds 2020-06-27 v0.33 Utility functions of pdfTeX for LuaTeX (HO
)
Package pdftexcmds Info: \pdf@primitive is available.
Package pdftexcmds Info: \pdf@ifprimitive is available.
Package pdftexcmds Info: \pdfdraftmode found.
)
Package epstopdf-base Info: Redefining graphics rule for `.eps' on input line 4
85.
Package grfext Info: Graphics extension search list:
(grfext)             [.pdf,.png,.jpg,.mps,.jpeg,.jbig2,.jb2,.PDF,.PNG,.JPG,.JPE
G,.JBIG2,.JB2,.eps]
(grfext)             \AppendGraphicsExtensions on input line 504.

(C:\Users\Sully\AppData\Local\Programs\MiKTeX\tex/latex/00miktex\epstopdf-sys.c
fg
File: epstopdf-sys.cfg 2021/03/18 v2.0 Configuration of epstopdf for MiKTeX
))
Package caption Info: Begin \AtBeginDocument code.
Package caption Info: subfig package v1.3 is loaded.
Package caption Info: End \AtBeginDocument code.
LaTeX Font Info:    External font `cmex10' loaded for size
(Font)              <12> on input line 75.
LaTeX Font Info:    External font `cmex10' loaded for size
(Font)              <8> on input line 75.
LaTeX Font Info:    External font `cmex10' loaded for size
(Font)              <6> on input line 75.
LaTeX Font Info:    External font `cmex10' loaded for size
(Font)              <10.95> on input line 96.
 [1

{C:/Users/Sully/AppData/Local/MiKTeX/pdftex/config/pdftex.map}] [2]
[3] [4] (Assignment5_sullivanFrazier.aux) ) 
Here is how much of TeX's memory you used:
 5161 strings out of 478868
 85851 string characters out of 2848809
 396893 words of memory out of 3000000
 23014 multiletter control sequences out of 15000+600000
 408895 words of font info for 45 fonts, out of 8000000 for 9000
 1141 hyphenation exceptions out of 8191
 69i,11n,79p,530b,391s stack positions out of 5000i,500n,10000p,200000b,80000s
<C:/Users/Sully/AppData/Local/Progra
ms/MiKTeX/fonts/type1/public/amsfonts/cm/cmbx10.pfb><C:/Users/Sully/AppData/Loc
al/Programs/MiKTeX/fonts/type1/public/amsfonts/cm/cmmi10.pfb><C:/Users/Sully/Ap
pData/Local/Programs/MiKTeX/fonts/type1/public/amsfonts/cm/cmr10.pfb><C:/Users/
Sully/AppData/Local/Programs/MiKTeX/fonts/type1/public/amsfonts/cm/cmr12.pfb><C
:/Users/Sully/AppData/Local/Programs/MiKTeX/fonts/type1/public/amsfonts/cm/cmr1
7.pfb><C:/Users/Sully/AppData/Local/Programs/MiKTeX/fonts/type1/public/amsfonts
/cm/cmss12.pfb><C:/Users/Sully/AppData/Local/Programs/MiKTeX/fonts/type1/public
/amsfonts/cm/cmsy10.pfb>
Output written on Assignment5_sullivanFrazier.pdf (4 pages, 102569 bytes).
PDF statistics:
 50 PDF objects out of 1000 (max. 8388607)
 0 named destinations out of 1000 (max. 500000)
 1 words of extra memory for PDF output out of 10000 (max. 10000000)

